#
# A fatal error has been detected by the Java Runtime Environment:
#
#  SIGSEGV (0xb) at pc=0x000000010d0ec2ab, pid=6186, tid=0x0000000000004803
#
# JRE version: OpenJDK Runtime Environment (Zulu 8.56.0.21-CA-macosx) (8.0_302-b08) (build 1.8.0_302-b08)
# Java VM: OpenJDK 64-Bit Server VM (25.302-b08 mixed mode bsd-amd64 compressed oops)
# Problematic frame:
# V  [libjvm.dylib+0x4ec2ab]  PhaseChaitin::Split(unsigned int, ResourceArea*)+0xe2f
#
# Failed to write core dump. Core dumps have been disabled. To enable core dumping, try "ulimit -c unlimited" before starting Java again
#
# If you would like to submit a bug report, please visit:
#   http://www.azul.com/support/
#

---------------  T H R E A D  ---------------

Current thread (0x00007f85dc011800):  JavaThread "C2 CompilerThread2" daemon [_thread_in_native, id=18435, stack(0x000070000f28d000,0x000070000f38d000)]

siginfo: si_signo: 11 (SIGSEGV), si_code: 1 (SEGV_MAPERR), si_addr: 0x0000000000000028

Registers:
RAX=0x0000000000000000, RBX=0x00000000000681a0, RCX=0x0000000124022010, RDX=0x000000000000103d
RSP=0x000070000f389770, RBP=0x000070000f389930, RSI=0x0000000000000012, RDI=0x00007f85e16bcb88
R8 =0x000000000000000c, R9 =0x0000000000000000, R10=0x000070000f38b198, R11=0x0000000000000003
R12=0x0000000000000002, R13=0x00007f85de35e810, R14=0x0000000000000011, R15=0x00007f85e16bcb88
RIP=0x000000010d0ec2ab, EFLAGS=0x0000000000010283, ERR=0x0000000000000004
  TRAPNO=0x000000000000000e

Top of Stack: (sp=0x000070000f389770)
0x000070000f389770:   000070000f389a58 00007f85e1925a80
0x000070000f389780:   00007f85e1925a90 00007f85e1925e68
0x000070000f389790:   00000000000003d8 0000000000000000
0x000070000f3897a0:   00007f85e197dad0 000000010ce9c474
0x000070000f3897b0:   0000000000000029 000000010d3235a0
0x000070000f3897c0:   000070000f38b2a8 0000298500000013
0x000070000f3897d0:   000070000f389a58 0000000100000010
0x000070000f3897e0:   000000011e98f010 0000000000000012
0x000070000f3897f0:   00007f85e14bfba0 000000010cc04257
0x000070000f389800:   00007f85e16ffdf0 000000000010cfd0
0x000070000f389810:   00007f85d9fb0c38 00007f85e16fbeb0
0x000070000f389820:   000000011e83a010 00007f85e0389f30
0x000070000f389830:   0000298500000000 000070000f389a58
0x000070000f389840:   0000203400000010 000000011ee2b010
0x000070000f389850:   00007f85e16bcb88 00007f85e0389f70
0x000070000f389860:   0000000000000003 0000000000000001
0x000070000f389870:   00007f85e16ffd50 000000000000103d
0x000070000f389880:   00007f85e16f8010 0000000000000013
0x000070000f389890:   000070000f389930 00007f85de35e8b0
0x000070000f3898a0:   0000000000000012 0000000124022010
0x000070000f3898b0:   00007f8500000000 0000000000000011
0x000070000f3898c0:   00000058dc641c50 0000000000000000
0x000070000f3898d0:   00007f85de35e810 0000001200002983
0x000070000f3898e0:   00007f85e14bfb90 0000000000000012
0x000070000f3898f0:   00007f85e16bcb88 000070000f38b198
0x000070000f389900:   00002988ffffffff 000070000f389ac8
0x000070000f389910:   000070000f38b280 000070000f38b198
0x000070000f389920:   000070000f38b280 000070000f389a00
0x000070000f389930:   000070000f389b60 000000010cd45f45
0x000070000f389940:   000000010d2e5628 000000010000000d
0x000070000f389950:   000070000f38bf50 000070000f38b198
0x000070000f389960:   0000000000000008 00007f85e0722e30 

Instructions: (pc=0x000000010d0ec2ab)
0x000000010d0ec28b:   ac e9 2d 0a 00 00 4d 39 f4 76 0d 44 89 e0 29 f0
0x000000010d0ec29b:   a8 01 0f 84 1b 0a 00 00 49 8b 47 08 4a 8b 04 e0
0x000000010d0ec2ab:   48 63 40 28 49 8b 8a 28 01 00 00 8b 04 81 41 3b
0x000000010d0ec2bb:   82 e8 00 00 00 0f 83 f8 09 00 00 49 8b 4a 70 48 

Register to memory mapping:

RAX=0x0000000000000000 is an unknown value
RBX=0x00000000000681a0 is an unknown value
RCX=0x0000000124022010 is an unknown value
RDX=0x000000000000103d is an unknown value
RSP=0x000070000f389770 is pointing into the stack for thread: 0x00007f85dc011800
RBP=0x000070000f389930 is pointing into the stack for thread: 0x00007f85dc011800
RSI=0x0000000000000012 is an unknown value
RDI=0x00007f85e16bcb88 is an unknown value
R8 =0x000000000000000c is an unknown value
R9 =0x0000000000000000 is an unknown value
R10=0x000070000f38b198 is pointing into the stack for thread: 0x00007f85dc011800
R11=0x0000000000000003 is an unknown value
R12=0x0000000000000002 is an unknown value
R13=0x00007f85de35e810 is an unknown value
R14=0x0000000000000011 is an unknown value
R15=0x00007f85e16bcb88 is an unknown value


Stack: [0x000070000f28d000,0x000070000f38d000],  sp=0x000070000f389770,  free space=1009k
Native frames: (J=compiled Java code, j=interpreted, Vv=VM code, C=native code)
V  [libjvm.dylib+0x4ec2ab]  PhaseChaitin::Split(unsigned int, ResourceArea*)+0xe2f
V  [libjvm.dylib+0x145f45]  PhaseChaitin::Register_Allocate()+0x451
V  [libjvm.dylib+0x19a09c]  Compile::Code_Gen()+0x14e
V  [libjvm.dylib+0x198aea]  Compile::Compile(ciEnv*, C2Compiler*, ciMethod*, int, bool, bool, bool)+0x890
V  [libjvm.dylib+0x137c6a]  C2Compiler::compile_method(ciEnv*, ciMethod*, int)+0xa0
V  [libjvm.dylib+0x1a3f1a]  CompileBroker::invoke_compiler_on_method(CompileTask*)+0x674
V  [libjvm.dylib+0x1a33ee]  CompileBroker::compiler_thread_loop()+0x268
V  [libjvm.dylib+0x57477a]  JavaThread::thread_main_inner()+0x82
V  [libjvm.dylib+0x57462d]  JavaThread::run()+0x169
V  [libjvm.dylib+0x49e537]  java_start(Thread*)+0xfa
C  [libsystem_pthread.dylib+0x32eb]  _pthread_body+0x7e
C  [libsystem_pthread.dylib+0x6249]  _pthread_start+0x42
C  [libsystem_pthread.dylib+0x240d]  thread_start+0xd
C  0x0000000000000000


Current CompileTask:
C2:8072856 26854       4       org.gradle.api.internal.artifacts.ivyservice.ivyresolve.parser.GradlePomModuleDescriptorBuilder::doAddDependency (398 bytes)


---------------  P R O C E S S  ---------------

Java Threads: ( => current thread )
  0x00007f85df82c000 JavaThread "Cache worker for Build Output Cleanup Cache (/Users/basejump/github/yak/spring-icu4j/.gradle/buildOutputCleanup)" [_thread_blocked, id=32807, stack(0x0000700010ad5000,0x0000700010bd5000)]
  0x00007f85e16db800 JavaThread "Build operations Thread 3" [_thread_blocked, id=84771, stack(0x00007000109d2000,0x0000700010ad2000)]
  0x00007f85dcd05000 JavaThread "Build operations Thread 2" [_thread_blocked, id=82723, stack(0x00007000108cf000,0x00007000109cf000)]
  0x00007f85df280800 JavaThread "Build operations" [_thread_blocked, id=80419, stack(0x00007000107cc000,0x00007000108cc000)]
  0x00007f85e16dd800 JavaThread "Cache worker for cache directory md-rule (/Users/basejump/.gradle/caches/5.6.4/md-rule)" [_thread_blocked, id=42019, stack(0x00007000105c6000,0x00007000106c6000)]
  0x00007f85e12aa000 JavaThread "Cache worker for cache directory md-supplier (/Users/basejump/.gradle/caches/5.6.4/md-supplier)" [_thread_blocked, id=43047, stack(0x00007000104c3000,0x00007000105c3000)]
  0x00007f85df89b800 JavaThread "Cache worker for file hash cache (/Users/basejump/github/yak/spring-icu4j/.gradle/5.6.4/fileHashes)" [_thread_blocked, id=16171, stack(0x00007000103c0000,0x00007000104c0000)]
  0x00007f85de76f000 JavaThread "Thread-456" [_thread_blocked, id=28707, stack(0x000070000ffb4000,0x00007000100b4000)]
  0x00007f85e11ca000 JavaThread "Stdin handler" [_thread_blocked, id=43807, stack(0x000070000feb1000,0x000070000ffb1000)]
  0x00007f85dfbf6800 JavaThread "Asynchronous log dispatcher for DefaultDaemonConnection: socket connection from /0:0:0:0:0:0:0:1:54452 to /0:0:0:0:0:0:0:1:56137" [_thread_blocked, id=43555, stack(0x000070000fdae000,0x000070000feae000)]
  0x00007f85df27e800 JavaThread "Daemon worker Thread 9" [_thread_in_Java, id=39471, stack(0x000070000fcab000,0x000070000fdab000)]
  0x00007f85dccd2800 JavaThread "Cancel handler" [_thread_blocked, id=22823, stack(0x000070000fba8000,0x000070000fca8000)]
  0x00007f85dce80000 JavaThread "Handler for socket connection from /0:0:0:0:0:0:0:1:54452 to /0:0:0:0:0:0:0:1:56137" [_thread_in_native, id=39975, stack(0x000070000faa5000,0x000070000fba5000)]
  0x00007f85de102800 JavaThread "Daemon Thread 9" [_thread_blocked, id=16419, stack(0x000070000f9a2000,0x000070000faa2000)]
  0x00007f85df2be800 JavaThread "Timer-0" daemon [_thread_blocked, id=36111, stack(0x0000700010ee1000,0x0000700010fe1000)]
  0x00007f85e04b7000 JavaThread "/0:0:0:0:0:0:0:1:54565 to /0:0:0:0:0:0:0:1:54566 workers Thread 5" [_thread_in_native, id=48131, stack(0x0000700013276000,0x0000700013376000)]
  0x00007f85e016d000 JavaThread "/0:0:0:0:0:0:0:1:54565 to /0:0:0:0:0:0:0:1:54566 workers Thread 4" [_thread_blocked, id=47619, stack(0x0000700013173000,0x0000700013273000)]
  0x00007f85e04ad800 JavaThread "/0:0:0:0:0:0:0:1:54565 to /0:0:0:0:0:0:0:1:54566 workers Thread 3" [_thread_blocked, id=47107, stack(0x0000700013070000,0x0000700013170000)]
  0x00007f85d9b08000 JavaThread "/0:0:0:0:0:0:0:1:54565 to /0:0:0:0:0:0:0:1:54566 workers Thread 2" [_thread_blocked, id=85507, stack(0x0000700012f6d000,0x000070001306d000)]
  0x00007f85de748000 JavaThread "/0:0:0:0:0:0:0:1:54565 to /0:0:0:0:0:0:0:1:54566 workers" [_thread_blocked, id=86023, stack(0x0000700012c64000,0x0000700012d64000)]
  0x00007f85e110d000 JavaThread "Exec process Thread 10" [_thread_in_native, id=46595, stack(0x0000700012e6a000,0x0000700012f6a000)]
  0x00007f85db991800 JavaThread "Exec process Thread 9" [_thread_in_native, id=46083, stack(0x0000700012d67000,0x0000700012e67000)]
  0x00007f85de745800 JavaThread "process reaper" daemon [_thread_in_native, id=45571, stack(0x0000700012c38000,0x0000700012c61000)]
  0x00007f85e15b6800 JavaThread "/0:0:0:0:0:0:0:1:54561 to /0:0:0:0:0:0:0:1:54563 workers Thread 5" [_thread_in_native, id=32259, stack(0x0000700012420000,0x0000700012520000)]
  0x00007f85dd977800 JavaThread "/0:0:0:0:0:0:0:1:54561 to /0:0:0:0:0:0:0:1:54563 workers Thread 4" [_thread_blocked, id=30723, stack(0x000070001231d000,0x000070001241d000)]
  0x00007f85df84d800 JavaThread "/0:0:0:0:0:0:0:1:54561 to /0:0:0:0:0:0:0:1:54563 workers Thread 3" [_thread_blocked, id=32515, stack(0x000070001221a000,0x000070001231a000)]
  0x00007f85df84d000 JavaThread "/0:0:0:0:0:0:0:1:54561 to /0:0:0:0:0:0:0:1:54563 workers Thread 2" [_thread_blocked, id=27399, stack(0x0000700011e0e000,0x0000700011f0e000)]
  0x00007f85df2ce800 JavaThread "/0:0:0:0:0:0:0:1:54561 to /0:0:0:0:0:0:0:1:54563 workers" [_thread_blocked, id=33543, stack(0x00007000117fc000,0x00007000118fc000)]
  0x00007f85df2c7000 JavaThread "Exec process Thread 6" [_thread_blocked, id=29443, stack(0x0000700011f11000,0x0000700012011000)]
  0x00007f85e00fa000 JavaThread "Exec process Thread 4" [_thread_in_native, id=28419, stack(0x0000700011b05000,0x0000700011c05000)]
  0x00007f85e00f9000 JavaThread "Exec process Thread 3" [_thread_in_native, id=27907, stack(0x0000700011a02000,0x0000700011b02000)]
  0x00007f85e00dd800 JavaThread "Exec process" [_thread_blocked, id=35331, stack(0x00007000116f9000,0x00007000117f9000)]
  0x00007f85dda21800 JavaThread "process reaper" daemon [_thread_in_native, id=25859, stack(0x000070000ea72000,0x000070000ea9b000)]
  0x00007f85e1045800 JavaThread "Cache worker for Java compile cache (/Users/basejump/.gradle/caches/5.6.4/javaCompile)" [_thread_blocked, id=37123, stack(0x00007000111ea000,0x00007000112ea000)]
  0x00007f85dbd29000 JavaThread "Cache worker for file content cache (/Users/basejump/.gradle/caches/5.6.4/fileContent)" [_thread_blocked, id=38407, stack(0x0000700010cdb000,0x0000700010ddb000)]
  0x00007f85e046f000 JavaThread "Memory manager" [_thread_blocked, id=3079, stack(0x0000700010bd8000,0x0000700010cd8000)]
  0x00007f85d9987800 JavaThread "Cache worker for execution history cache (/Users/basejump/.gradle/caches/5.6.4/executionHistory)" [_thread_blocked, id=39683, stack(0x00007000106c9000,0x00007000107c9000)]
  0x00007f85dd316000 JavaThread "Cache worker for journal cache (/Users/basejump/.gradle/caches/journal-1)" [_thread_blocked, id=40963, stack(0x00007000102bd000,0x00007000103bd000)]
  0x00007f85dcbfd800 JavaThread "File lock request listener" [_thread_in_native, id=41219, stack(0x00007000101ba000,0x00007000102ba000)]
  0x00007f85d9b35800 JavaThread "Cache worker for file hash cache (/Users/basejump/.gradle/caches/5.6.4/fileHashes)" [_thread_blocked, id=41731, stack(0x00007000100b7000,0x00007000101b7000)]
  0x00007f85dcbe7000 JavaThread "Daemon periodic checks" [_thread_blocked, id=14595, stack(0x000070000f89f000,0x000070000f99f000)]
  0x00007f85dcbe0800 JavaThread "Incoming local TCP Connector on port 54452" [_thread_in_native, id=17155, stack(0x000070000f79c000,0x000070000f89c000)]
  0x00007f85d9b27000 JavaThread "Daemon health stats" [_thread_blocked, id=17667, stack(0x000070000f699000,0x000070000f799000)]
  0x00007f85d9864800 JavaThread "Service Thread" daemon [_thread_blocked, id=13827, stack(0x000070000f493000,0x000070000f593000)]
  0x00007f85d9849800 JavaThread "C1 CompilerThread3" daemon [_thread_blocked, id=13571, stack(0x000070000f390000,0x000070000f490000)]
=>0x00007f85dc011800 JavaThread "C2 CompilerThread2" daemon [_thread_in_native, id=18435, stack(0x000070000f28d000,0x000070000f38d000)]
  0x00007f85d9848800 JavaThread "C2 CompilerThread1" daemon [_thread_blocked, id=18947, stack(0x000070000f18a000,0x000070000f28a000)]
  0x00007f85d9846800 JavaThread "C2 CompilerThread0" daemon [_thread_blocked, id=12803, stack(0x000070000f087000,0x000070000f187000)]
  0x00007f85d983c800 JavaThread "Signal Dispatcher" daemon [_thread_blocked, id=12547, stack(0x000070000ef84000,0x000070000f084000)]
  0x00007f85dd00e800 JavaThread "Finalizer" daemon [_thread_blocked, id=20995, stack(0x000070000ee81000,0x000070000ef81000)]
  0x00007f85dd006000 JavaThread "Reference Handler" daemon [_thread_blocked, id=21251, stack(0x000070000ed7e000,0x000070000ee7e000)]
  0x00007f85d980a800 JavaThread "main" [_thread_blocked, id=9731, stack(0x000070000eb78000,0x000070000ec78000)]

Other Threads:
  0x00007f85dc800000 VMThread [stack: 0x000070000ec7b000,0x000070000ed7b000] [id=21511]
  0x00007f85d9847800 WatcherThread [stack: 0x000070000f596000,0x000070000f696000] [id=14083]

VM state:not at safepoint (normal execution)

VM Mutex/Monitor currently owned by a thread: None

heap address: 0x0000000760000000, size: 1536 MB, Compressed Oops mode: Zero based, Oop shift amount: 3
Narrow klass base: 0x0000000000000000, Narrow klass shift: 3
Compressed class space size: 1073741824 Address: 0x00000007c0000000

Heap:
 def new generation   total 124992K, used 29082K [0x0000000760000000, 0x0000000768790000, 0x0000000780000000)
  eden space 111168K,  23% used [0x0000000760000000, 0x00000007619ba7b0, 0x0000000766c90000)
  from space 13824K,  19% used [0x0000000766c90000, 0x0000000766f3c1f0, 0x0000000767a10000)
  to   space 13824K,   0% used [0x0000000767a10000, 0x0000000767a10000, 0x0000000768790000)
 tenured generation   total 276944K, used 189247K [0x0000000780000000, 0x0000000790e74000, 0x00000007c0000000)
   the space 276944K,  68% used [0x0000000780000000, 0x000000078b8cfc38, 0x000000078b8cfe00, 0x0000000790e74000)
 Metaspace       used 118884K, capacity 128386K, committed 156184K, reserved 1181696K
  class space    used 16378K, capacity 18633K, committed 23592K, reserved 1048576K

Card table byte_map: [0x000000010ddf9000,0x000000010e0fa000] byte_map_base: 0x000000010a2f9000

Polling page: 0x000000010bb52000

CodeCache: size=245760Kb used=64873Kb max_used=73310Kb free=180886Kb
 bounds [0x000000010f189000, 0x00000001139f9000, 0x000000011e189000]
 total_blobs=19062 nmethods=18241 adapters=731
 compilation: enabled

Compilation events (10 events):
Event: 8072.824 Thread 0x00007f85d9849800 26948       3       org.codehaus.groovy.classgen.asm.CompileStack::popImplicitThis (26 bytes)
Event: 8072.825 Thread 0x00007f85d9849800 nmethod 26948 0x0000000110566410 code [0x00000001105665e0, 0x0000000110566c08]
Event: 8072.825 Thread 0x00007f85d9849800 26949       3       java.security.PermissionsEnumerator::hasMoreElements (44 bytes)
Event: 8072.825 Thread 0x00007f85d9849800 nmethod 26949 0x0000000110ce3510 code [0x0000000110ce36a0, 0x0000000110ce3a18]
Event: 8072.832 Thread 0x00007f85d9848800 26950       4       com.adarshr.gradle.testlogger.TestLoggerExtension_Decorated::getConventionMapping (29 bytes)
Event: 8072.832 Thread 0x00007f85d9849800 26951       3       com.adarshr.gradle.testlogger.TestLoggerExtension_Decorated::getTheme (38 bytes)
Event: 8072.833 Thread 0x00007f85d9849800 nmethod 26951 0x0000000110ce2990 code [0x0000000110ce2b60, 0x0000000110ce3248]
Event: 8072.835 Thread 0x00007f85d9848800 nmethod 26950 0x0000000110e1d890 code [0x0000000110e1da00, 0x0000000110e1dc78]
Event: 8072.836 Thread 0x00007f85d9849800 26952       3       org.gradle.api.internal.DefaultDomainObjectCollection::toAction (5 bytes)
Event: 8072.837 Thread 0x00007f85d9849800 nmethod 26952 0x0000000110e1d1d0 code [0x0000000110e1d360, 0x0000000110e1d6f0]

GC Heap History (10 events):
Event: 6510.395 GC heap before
{Heap before GC invocations=96 (full 6):
 def new generation   total 124992K, used 116049K [0x0000000760000000, 0x0000000768790000, 0x0000000780000000)
  eden space 111168K, 100% used [0x0000000760000000, 0x0000000766c90000, 0x0000000766c90000)
  from space 13824K,  35% used [0x0000000767a10000, 0x0000000767ed4798, 0x0000000768790000)
  to   space 13824K,   0% used [0x0000000766c90000, 0x0000000766c90000, 0x0000000767a10000)
 tenured generation   total 276944K, used 166164K [0x0000000780000000, 0x0000000790e74000, 0x00000007c0000000)
   the space 276944K,  59% used [0x0000000780000000, 0x000000078a245218, 0x000000078a245400, 0x0000000790e74000)
 Metaspace       used 116746K, capacity 125804K, committed 156184K, reserved 1181696K
  class space    used 16001K, capacity 18122K, committed 23592K, reserved 1048576K
Event: 6510.438 GC heap after
Heap after GC invocations=97 (full 6):
 def new generation   total 124992K, used 13824K [0x0000000760000000, 0x0000000768790000, 0x0000000780000000)
  eden space 111168K,   0% used [0x0000000760000000, 0x0000000760000000, 0x0000000766c90000)
  from space 13824K, 100% used [0x0000000766c90000, 0x0000000767a10000, 0x0000000767a10000)
  to   space 13824K,   0% used [0x0000000767a10000, 0x0000000767a10000, 0x0000000768790000)
 tenured generation   total 276944K, used 168154K [0x0000000780000000, 0x0000000790e74000, 0x00000007c0000000)
   the space 276944K,  60% used [0x0000000780000000, 0x000000078a436998, 0x000000078a436a00, 0x0000000790e74000)
 Metaspace       used 116746K, capacity 125804K, committed 156184K, reserved 1181696K
  class space    used 16001K, capacity 18122K, committed 23592K, reserved 1048576K
}
Event: 6513.803 GC heap before
{Heap before GC invocations=97 (full 6):
 def new generation   total 124992K, used 124992K [0x0000000760000000, 0x0000000768790000, 0x0000000780000000)
  eden space 111168K, 100% used [0x0000000760000000, 0x0000000766c90000, 0x0000000766c90000)
  from space 13824K, 100% used [0x0000000766c90000, 0x0000000767a10000, 0x0000000767a10000)
  to   space 13824K,   0% used [0x0000000767a10000, 0x0000000767a10000, 0x0000000768790000)
 tenured generation   total 276944K, used 168154K [0x0000000780000000, 0x0000000790e74000, 0x00000007c0000000)
   the space 276944K,  60% used [0x0000000780000000, 0x000000078a436998, 0x000000078a436a00, 0x0000000790e74000)
 Metaspace       used 118758K, capacity 128280K, committed 156184K, reserved 1181696K
  class space    used 16372K, capacity 18624K, committed 23592K, reserved 1048576K
Event: 6513.854 GC heap after
Heap after GC invocations=98 (full 6):
 def new generation   total 124992K, used 9132K [0x0000000760000000, 0x0000000768790000, 0x0000000780000000)
  eden space 111168K,   0% used [0x0000000760000000, 0x0000000760000000, 0x0000000766c90000)
  from space 13824K,  66% used [0x0000000767a10000, 0x00000007682fb290, 0x0000000768790000)
  to   space 13824K,   0% used [0x0000000766c90000, 0x0000000766c90000, 0x0000000767a10000)
 tenured generation   total 276944K, used 181925K [0x0000000780000000, 0x0000000790e74000, 0x00000007c0000000)
   the space 276944K,  65% used [0x0000000780000000, 0x000000078b1a96a8, 0x000000078b1a9800, 0x0000000790e74000)
 Metaspace       used 118758K, capacity 128280K, committed 156184K, reserved 1181696K
  class space    used 16372K, capacity 18624K, committed 23592K, reserved 1048576K
}
Event: 8072.429 GC heap before
{Heap before GC invocations=98 (full 6):
 def new generation   total 124992K, used 120300K [0x0000000760000000, 0x0000000768790000, 0x0000000780000000)
  eden space 111168K, 100% used [0x0000000760000000, 0x0000000766c90000, 0x0000000766c90000)
  from space 13824K,  66% used [0x0000000767a10000, 0x00000007682fb290, 0x0000000768790000)
  to   space 13824K,   0% used [0x0000000766c90000, 0x0000000766c90000, 0x0000000767a10000)
 tenured generation   total 276944K, used 181925K [0x0000000780000000, 0x0000000790e74000, 0x00000007c0000000)
   the space 276944K,  65% used [0x0000000780000000, 0x000000078b1a96a8, 0x000000078b1a9800, 0x0000000790e74000)
 Metaspace       used 118841K, capacity 128374K, committed 156184K, reserved 1181696K
  class space    used 16377K, capacity 18629K, committed 23592K, reserved 1048576K
Event: 8072.504 GC heap after
Heap after GC invocations=99 (full 6):
 def new generation   total 124992K, used 3673K [0x0000000760000000, 0x0000000768790000, 0x0000000780000000)
  eden space 111168K,   0% used [0x0000000760000000, 0x0000000760000000, 0x0000000766c90000)
  from space 13824K,  26% used [0x0000000766c90000, 0x0000000767026720, 0x0000000767a10000)
  to   space 13824K,   0% used [0x0000000767a10000, 0x0000000767a10000, 0x0000000768790000)
 tenured generation   total 276944K, used 189247K [0x0000000780000000, 0x0000000790e74000, 0x00000007c0000000)
   the space 276944K,  68% used [0x0000000780000000, 0x000000078b8cfc38, 0x000000078b8cfe00, 0x0000000790e74000)
 Metaspace       used 118841K, capacity 128374K, committed 156184K, reserved 1181696K
  class space    used 16377K, capacity 18629K, committed 23592K, reserved 1048576K
}
Event: 8072.642 GC heap before
{Heap before GC invocations=99 (full 6):
 def new generation   total 124992K, used 114841K [0x0000000760000000, 0x0000000768790000, 0x0000000780000000)
  eden space 111168K, 100% used [0x0000000760000000, 0x0000000766c90000, 0x0000000766c90000)
  from space 13824K,  26% used [0x0000000766c90000, 0x0000000767026720, 0x0000000767a10000)
  to   space 13824K,   0% used [0x0000000767a10000, 0x0000000767a10000, 0x0000000768790000)
 tenured generation   total 276944K, used 189247K [0x0000000780000000, 0x0000000790e74000, 0x00000007c0000000)
   the space 276944K,  68% used [0x0000000780000000, 0x000000078b8cfc38, 0x000000078b8cfe00, 0x0000000790e74000)
 Metaspace       used 118842K, capacity 128374K, committed 156184K, reserved 1181696K
  class space    used 16377K, capacity 18629K, committed 23592K, reserved 1048576K
Event: 8072.649 GC heap after
Heap after GC invocations=100 (full 6):
 def new generation   total 124992K, used 2700K [0x0000000760000000, 0x0000000768790000, 0x0000000780000000)
  eden space 111168K,   0% used [0x0000000760000000, 0x0000000760000000, 0x0000000766c90000)
  from space 13824K,  19% used [0x0000000767a10000, 0x0000000767cb33c8, 0x0000000768790000)
  to   space 13824K,   0% used [0x0000000766c90000, 0x0000000766c90000, 0x0000000767a10000)
 tenured generation   total 276944K, used 189247K [0x0000000780000000, 0x0000000790e74000, 0x00000007c0000000)
   the space 276944K,  68% used [0x0000000780000000, 0x000000078b8cfc38, 0x000000078b8cfe00, 0x0000000790e74000)
 Metaspace       used 118842K, capacity 128374K, committed 156184K, reserved 1181696K
  class space    used 16377K, capacity 18629K, committed 23592K, reserved 1048576K
}
Event: 8072.701 GC heap before
{Heap before GC invocations=100 (full 6):
 def new generation   total 124992K, used 113868K [0x0000000760000000, 0x0000000768790000, 0x0000000780000000)
  eden space 111168K, 100% used [0x0000000760000000, 0x0000000766c90000, 0x0000000766c90000)
  from space 13824K,  19% used [0x0000000767a10000, 0x0000000767cb33c8, 0x0000000768790000)
  to   space 13824K,   0% used [0x0000000766c90000, 0x0000000766c90000, 0x0000000767a10000)
 tenured generation   total 276944K, used 189247K [0x0000000780000000, 0x0000000790e74000, 0x00000007c0000000)
   the space 276944K,  68% used [0x0000000780000000, 0x000000078b8cfc38, 0x000000078b8cfe00, 0x0000000790e74000)
 Metaspace       used 118849K, capacity 128374K, committed 156184K, reserved 1181696K
  class space    used 16377K, capacity 18629K, committed 23592K, reserved 1048576K
Event: 8072.707 GC heap after
Heap after GC invocations=101 (full 6):
 def new generation   total 124992K, used 2736K [0x0000000760000000, 0x0000000768790000, 0x0000000780000000)
  eden space 111168K,   0% used [0x0000000760000000, 0x0000000760000000, 0x0000000766c90000)
  from space 13824K,  19% used [0x0000000766c90000, 0x0000000766f3c1f0, 0x0000000767a10000)
  to   space 13824K,   0% used [0x0000000767a10000, 0x0000000767a10000, 0x0000000768790000)
 tenured generation   total 276944K, used 189247K [0x0000000780000000, 0x0000000790e74000, 0x00000007c0000000)
   the space 276944K,  68% used [0x0000000780000000, 0x000000078b8cfc38, 0x000000078b8cfe00, 0x0000000790e74000)
 Metaspace       used 118849K, capacity 128374K, committed 156184K, reserved 1181696K
  class space    used 16377K, capacity 18629K, committed 23592K, reserved 1048576K
}

Deoptimization events (10 events):
Event: 6510.753 Thread 0x00007f85dac1c000 Uncommon trap: reason=bimorphic action=maybe_recompile pc=0x000000011045eb64 method=org.codehaus.groovy.runtime.metaclass.MetaMethodIndex.addMethodToList(Ljava/lang/Object;Lgroovy/lang/MetaMethod;)Ljava/lang/Object; @ 240
Event: 6510.921 Thread 0x00007f85dac1c000 Uncommon trap: reason=unstable_if action=reinterpret pc=0x000000011232903c method=org.codehaus.groovy.antlr.UnicodeEscapingReader.read()I @ 66
Event: 6510.921 Thread 0x00007f85dac1c000 Uncommon trap: reason=unstable_if action=reinterpret pc=0x000000011361a6b8 method=org.codehaus.groovy.antlr.UnicodeEscapingReader.read()I @ 4
Event: 6510.921 Thread 0x00007f85dac1c000 Uncommon trap: reason=unstable_if action=reinterpret pc=0x000000010f2e9a20 method=org.codehaus.groovy.antlr.UnicodeEscapingReader.read()I @ 66
Event: 6510.931 Thread 0x00007f85dac1c000 Uncommon trap: reason=unstable_if action=reinterpret pc=0x0000000113400470 method=org.codehaus.groovy.classgen.Verifier.getCovariantImplementation(Lorg/codehaus/groovy/ast/MethodNode;Lorg/codehaus/groovy/ast/MethodNode;Ljava/util/Map;Z)Lorg/codehaus/groov
Event: 6510.947 Thread 0x00007f85dac1c000 Uncommon trap: reason=unstable_if action=reinterpret pc=0x000000011045e854 method=org.codehaus.groovy.runtime.metaclass.MetaMethodIndex.addMethodToList(Ljava/lang/Object;Lgroovy/lang/MetaMethod;)Ljava/lang/Object; @ 256
Event: 6511.024 Thread 0x00007f85dac1c000 Uncommon trap: reason=unstable_if action=reinterpret pc=0x000000010fca9e5c method=groovy.lang.MetaClassImpl.getProperty(Ljava/lang/Class;Ljava/lang/Object;Ljava/lang/String;ZZ)Ljava/lang/Object; @ 165
Event: 6511.231 Thread 0x00007f85dac1c000 Uncommon trap: reason=unstable_if action=reinterpret pc=0x0000000111578360 method=com.google.common.collect.MapMakerInternalMap$Segment.getEntry(Ljava/lang/Object;I)Lcom/google/common/collect/MapMakerInternalMap$InternalEntry; @ 40
Event: 6522.402 Thread 0x00007f85e12aa000 Uncommon trap: reason=range_check action=make_not_entrant pc=0x0000000110f1dc88 method=sun.nio.fs.UnixDirectoryStream$UnixDirectoryIterator.isSelfOrParent([B)Z @ 2
Event: 6522.414 Thread 0x00007f85e12aa000 Uncommon trap: reason=unstable_if action=reinterpret pc=0x00000001102f5420 method=org.codehaus.groovy.util.ManagedConcurrentLinkedQueue$Itr.advance()V @ 31

Classes redefined (0 events):
No events

Internal exceptions (10 events):
Event: 8072.771 Thread 0x00007f85df27e800 Exception <a 'java/lang/ArrayIndexOutOfBoundsException'> (0x00000007614ede60) thrown at [/Users/tester/jenkins/workspace/zulu8-build-macosx/zulu-src/hotspot/src/share/vm/runtime/sharedRuntime.cpp, line 617]
Event: 8072.772 Thread 0x00007f85df27e800 Exception <a 'java/lang/ArrayIndexOutOfBoundsException'> (0x00000007614eeeb8) thrown at [/Users/tester/jenkins/workspace/zulu8-build-macosx/zulu-src/hotspot/src/share/vm/runtime/sharedRuntime.cpp, line 617]
Event: 8072.772 Thread 0x00007f85df27e800 Exception <a 'java/lang/ArrayIndexOutOfBoundsException'> (0x00000007614f04b8) thrown at [/Users/tester/jenkins/workspace/zulu8-build-macosx/zulu-src/hotspot/src/share/vm/runtime/sharedRuntime.cpp, line 617]
Event: 8072.772 Thread 0x00007f85df27e800 Exception <a 'java/lang/ArrayIndexOutOfBoundsException'> (0x00000007614f1858) thrown at [/Users/tester/jenkins/workspace/zulu8-build-macosx/zulu-src/hotspot/src/share/vm/runtime/sharedRuntime.cpp, line 617]
Event: 8072.772 Thread 0x00007f85df27e800 Exception <a 'java/lang/ArrayIndexOutOfBoundsException'> (0x00000007614f2f20) thrown at [/Users/tester/jenkins/workspace/zulu8-build-macosx/zulu-src/hotspot/src/share/vm/runtime/sharedRuntime.cpp, line 617]
Event: 8072.772 Thread 0x00007f85df27e800 Exception <a 'java/lang/ArrayIndexOutOfBoundsException'> (0x00000007614f4338) thrown at [/Users/tester/jenkins/workspace/zulu8-build-macosx/zulu-src/hotspot/src/share/vm/runtime/sharedRuntime.cpp, line 617]
Event: 8072.818 Thread 0x00007f85df27e800 Exception <a 'java/lang/ClassNotFoundException': SimpleTemplateScript33BeanInfo> (0x00000007616c3810) thrown at [/Users/tester/jenkins/workspace/zulu8-build-macosx/zulu-src/hotspot/src/share/vm/classfile/systemDictionary.cpp, line 220]
Event: 8072.819 Thread 0x00007f85df27e800 Exception <a 'java/lang/ClassNotFoundException': SimpleTemplateScript33Customizer> (0x00000007616e4d40) thrown at [/Users/tester/jenkins/workspace/zulu8-build-macosx/zulu-src/hotspot/src/share/vm/classfile/systemDictionary.cpp, line 220]
Event: 8072.826 Thread 0x00007f85df27e800 Exception <a 'java/lang/ClassNotFoundException': SimpleTemplateScript34BeanInfo> (0x0000000761794218) thrown at [/Users/tester/jenkins/workspace/zulu8-build-macosx/zulu-src/hotspot/src/share/vm/classfile/systemDictionary.cpp, line 220]
Event: 8072.826 Thread 0x00007f85df27e800 Exception <a 'java/lang/ClassNotFoundException': SimpleTemplateScript34Customizer> (0x00000007617b5748) thrown at [/Users/tester/jenkins/workspace/zulu8-build-macosx/zulu-src/hotspot/src/share/vm/classfile/systemDictionary.cpp, line 220]

Events (10 events):
Event: 8072.826 loading class SimpleTemplateScript34BeanInfo
Event: 8072.826 loading class SimpleTemplateScript34BeanInfo done
Event: 8072.826 loading class SimpleTemplateScript34BeanInfo
Event: 8072.826 loading class SimpleTemplateScript34BeanInfo done
Event: 8072.826 loading class SimpleTemplateScript34Customizer
Event: 8072.826 loading class SimpleTemplateScript34Customizer done
Event: 8072.826 loading class SimpleTemplateScript34Customizer
Event: 8072.826 loading class SimpleTemplateScript34Customizer done
Event: 8072.826 loading class SimpleTemplateScript34Customizer
Event: 8072.826 loading class SimpleTemplateScript34Customizer done


Dynamic libraries:
0x00007fff2b833000 	/System/Library/Frameworks/Cocoa.framework/Versions/A/Cocoa
0x00007fff37602000 	/System/Library/Frameworks/Security.framework/Versions/A/Security
0x00007fff2a4c5000 	/System/Library/Frameworks/ApplicationServices.framework/Versions/A/ApplicationServices
0x00007fff57727000 	/usr/lib/libz.1.dylib
0x00007fff5507d000 	/usr/lib/libSystem.B.dylib
0x00007fff2c0a8000 	/System/Library/Frameworks/CoreFoundation.framework/Versions/A/CoreFoundation
0x00007fff2e330000 	/System/Library/Frameworks/Foundation.framework/Versions/C/Foundation
0x00007fff568b7000 	/usr/lib/libobjc.A.dylib
0x00007fff296be000 	/System/Library/Frameworks/AppKit.framework/Versions/C/AppKit
0x00007fff2bc31000 	/System/Library/Frameworks/CoreData.framework/Versions/A/CoreData
0x00007fff4eb42000 	/System/Library/PrivateFrameworks/RemoteViewServices.framework/Versions/A/RemoteViewServices
0x00007fff52db9000 	/System/Library/PrivateFrameworks/UIFoundation.framework/Versions/A/UIFoundation
0x00007fff5449e000 	/System/Library/PrivateFrameworks/XCTTargetBootstrap.framework/Versions/A/XCTTargetBootstrap
0x00007fff2bfb7000 	/System/Library/Frameworks/CoreDisplay.framework/Versions/A/CoreDisplay
0x00007fff49853000 	/System/Library/PrivateFrameworks/IconServices.framework/Versions/A/IconServices
0x00007fff30c67000 	/System/Library/Frameworks/Metal.framework/Versions/A/Metal
0x00007fff40d91000 	/System/Library/PrivateFrameworks/DesktopServicesPriv.framework/Versions/A/DesktopServicesPriv
0x00007fff55c1a000 	/usr/lib/libenergytrace.dylib
0x00007fff512a1000 	/System/Library/PrivateFrameworks/SkyLight.framework/Versions/A/SkyLight
0x00007fff2c4f0000 	/System/Library/Frameworks/CoreGraphics.framework/Versions/A/CoreGraphics
0x00007fff2848a000 	/System/Library/Frameworks/Accelerate.framework/Versions/A/Accelerate
0x00007fff2ea7a000 	/System/Library/Frameworks/IOSurface.framework/Versions/A/IOSurface
0x00007fff40bfd000 	/System/Library/PrivateFrameworks/DFRFoundation.framework/Versions/A/DFRFoundation
0x00007fff2a9a8000 	/System/Library/Frameworks/AudioToolbox.framework/Versions/A/AudioToolbox
0x00007fff2ac21000 	/System/Library/Frameworks/AudioUnit.framework/Versions/A/AudioUnit
0x00007fff40c92000 	/System/Library/PrivateFrameworks/DataDetectorsCore.framework/Versions/A/DataDetectorsCore
0x00007fff2b336000 	/System/Library/Frameworks/Carbon.framework/Versions/A/Frameworks/HIToolbox.framework/Versions/A/HIToolbox
0x00007fff55d73000 	/usr/lib/libicucore.A.dylib
0x00007fff36b73000 	/System/Library/Frameworks/QuartzCore.framework/Versions/A/QuartzCore
0x00007fff2b70b000 	/System/Library/Frameworks/Carbon.framework/Versions/A/Frameworks/SpeechRecognition.framework/Versions/A/SpeechRecognition
0x00007fff551d1000 	/usr/lib/libauto.dylib
0x00007fff5761a000 	/usr/lib/libxml2.2.dylib
0x00007fff407d8000 	/System/Library/PrivateFrameworks/CoreUI.framework/Versions/A/CoreUI
0x00007fff2bb1c000 	/System/Library/Frameworks/CoreAudio.framework/Versions/A/CoreAudio
0x00007fff2e164000 	/System/Library/Frameworks/DiskArbitration.framework/Versions/A/DiskArbitration
0x00007fff56021000 	/usr/lib/liblangid.dylib
0x00007fff4ac84000 	/System/Library/PrivateFrameworks/MultitouchSupport.framework/Versions/A/MultitouchSupport
0x00007fff2e9e9000 	/System/Library/Frameworks/IOKit.framework/Versions/A/IOKit
0x00007fff54c3d000 	/usr/lib/libDiagnosticMessagesClient.dylib
0x00007fff2d300000 	/System/Library/Frameworks/CoreServices.framework/Versions/A/CoreServices
0x00007fff4c941000 	/System/Library/PrivateFrameworks/PerformanceAnalysis.framework/Versions/A/PerformanceAnalysis
0x00007fff35d5a000 	/System/Library/Frameworks/OpenGL.framework/Versions/A/OpenGL
0x00007fff2b841000 	/System/Library/Frameworks/ColorSync.framework/Versions/A/ColorSync
0x00007fff2cb82000 	/System/Library/Frameworks/CoreImage.framework/Versions/A/CoreImage
0x00007fff2dcd8000 	/System/Library/Frameworks/CoreText.framework/Versions/A/CoreText
0x00007fff2eadd000 	/System/Library/Frameworks/ImageIO.framework/Versions/A/ImageIO
0x00007fff3ce28000 	/System/Library/PrivateFrameworks/Backup.framework/Versions/A/Backup
0x00007fff55124000 	/usr/lib/libarchive.2.dylib
0x00007fff2af7a000 	/System/Library/Frameworks/CFNetwork.framework/Versions/A/CFNetwork
0x00007fff37d5f000 	/System/Library/Frameworks/SystemConfiguration.framework/Versions/A/SystemConfiguration
0x00007fff54b6e000 	/usr/lib/libCRFSuite.dylib
0x00007fff552c2000 	/usr/lib/libc++.1.dylib
0x00007fff55316000 	/usr/lib/libc++abi.dylib
0x00007fff57f1d000 	/usr/lib/system/libcache.dylib
0x00007fff57f22000 	/usr/lib/system/libcommonCrypto.dylib
0x00007fff57f2d000 	/usr/lib/system/libcompiler_rt.dylib
0x00007fff57f35000 	/usr/lib/system/libcopyfile.dylib
0x00007fff57f3f000 	/usr/lib/system/libcorecrypto.dylib
0x00007fff5804b000 	/usr/lib/system/libdispatch.dylib
0x00007fff58085000 	/usr/lib/system/libdyld.dylib
0x00007fff580b2000 	/usr/lib/system/libkeymgr.dylib
0x00007fff580c0000 	/usr/lib/system/liblaunch.dylib
0x00007fff580c1000 	/usr/lib/system/libmacho.dylib
0x00007fff580c7000 	/usr/lib/system/libquarantine.dylib
0x00007fff580ca000 	/usr/lib/system/libremovefile.dylib
0x00007fff580cc000 	/usr/lib/system/libsystem_asl.dylib
0x00007fff580e4000 	/usr/lib/system/libsystem_blocks.dylib
0x00007fff580e5000 	/usr/lib/system/libsystem_c.dylib
0x00007fff5816d000 	/usr/lib/system/libsystem_configuration.dylib
0x00007fff58171000 	/usr/lib/system/libsystem_coreservices.dylib
0x00007fff58175000 	/usr/lib/system/libsystem_darwin.dylib
0x00007fff5817c000 	/usr/lib/system/libsystem_dnssd.dylib
0x00007fff58183000 	/usr/lib/system/libsystem_info.dylib
0x00007fff581f8000 	/usr/lib/system/libsystem_m.dylib
0x00007fff58244000 	/usr/lib/system/libsystem_malloc.dylib
0x00007fff5826f000 	/usr/lib/system/libsystem_networkextension.dylib
0x00007fff5827a000 	/usr/lib/system/libsystem_notify.dylib
0x00007fff58297000 	/usr/lib/system/libsystem_sandbox.dylib
0x00007fff5829b000 	/usr/lib/system/libsystem_secinit.dylib
0x00007fff581cf000 	/usr/lib/system/libsystem_kernel.dylib
0x00007fff58282000 	/usr/lib/system/libsystem_platform.dylib
0x00007fff5828c000 	/usr/lib/system/libsystem_pthread.dylib
0x00007fff5829e000 	/usr/lib/system/libsystem_symptoms.dylib
0x00007fff582a6000 	/usr/lib/system/libsystem_trace.dylib
0x00007fff582bd000 	/usr/lib/system/libunwind.dylib
0x00007fff582c3000 	/usr/lib/system/libxpc.dylib
0x00007fff552a3000 	/usr/lib/libbsm.0.dylib
0x00007fff580b3000 	/usr/lib/system/libkxld.dylib
0x00007fff3c218000 	/System/Library/PrivateFrameworks/AppleFSCompression.framework/Versions/A/AppleFSCompression
0x00007fff54f3d000 	/usr/lib/libOpenScriptingUtil.dylib
0x00007fff555cb000 	/usr/lib/libcoretls.dylib
0x00007fff555e2000 	/usr/lib/libcoretls_cfhelpers.dylib
0x00007fff5704e000 	/usr/lib/libpam.2.dylib
0x00007fff5720e000 	/usr/lib/libsqlite3.dylib
0x00007fff57608000 	/usr/lib/libxar.1.dylib
0x00007fff552b4000 	/usr/lib/libbz2.1.0.dylib
0x00007fff56023000 	/usr/lib/liblzma.5.dylib
0x00007fff564d4000 	/usr/lib/libnetwork.dylib
0x00007fff5510d000 	/usr/lib/libapple_nghttp2.dylib
0x00007fff57055000 	/usr/lib/libpcap.A.dylib
0x00007fff2d69f000 	/System/Library/Frameworks/CoreServices.framework/Versions/A/Frameworks/FSEvents.framework/Versions/A/FSEvents
0x00007fff2d37e000 	/System/Library/Frameworks/CoreServices.framework/Versions/A/Frameworks/CarbonCore.framework/Versions/A/CarbonCore
0x00007fff2d85a000 	/System/Library/Frameworks/CoreServices.framework/Versions/A/Frameworks/Metadata.framework/Versions/A/Metadata
0x00007fff2d8f9000 	/System/Library/Frameworks/CoreServices.framework/Versions/A/Frameworks/OSServices.framework/Versions/A/OSServices
0x00007fff2d944000 	/System/Library/Frameworks/CoreServices.framework/Versions/A/Frameworks/SearchKit.framework/Versions/A/SearchKit
0x00007fff2d301000 	/System/Library/Frameworks/CoreServices.framework/Versions/A/Frameworks/AE.framework/Versions/A/AE
0x00007fff2d6a8000 	/System/Library/Frameworks/CoreServices.framework/Versions/A/Frameworks/LaunchServices.framework/Versions/A/LaunchServices
0x00007fff2d656000 	/System/Library/Frameworks/CoreServices.framework/Versions/A/Frameworks/DictionaryServices.framework/Versions/A/DictionaryServices
0x00007fff2d9ac000 	/System/Library/Frameworks/CoreServices.framework/Versions/A/Frameworks/SharedFileList.framework/Versions/A/SharedFileList
0x00007fff31d35000 	/System/Library/Frameworks/NetFS.framework/Versions/A/NetFS
0x00007fff4aeea000 	/System/Library/PrivateFrameworks/NetAuth.framework/Versions/A/NetAuth
0x00007fff548a2000 	/System/Library/PrivateFrameworks/login.framework/Versions/A/Frameworks/loginsupport.framework/Versions/A/loginsupport
0x00007fff529c2000 	/System/Library/PrivateFrameworks/TCC.framework/Versions/A/TCC
0x00007fff3fe35000 	/System/Library/PrivateFrameworks/CoreNLP.framework/Versions/A/CoreNLP
0x00007fff4a95a000 	/System/Library/PrivateFrameworks/MetadataUtilities.framework/Versions/A/MetadataUtilities
0x00007fff560f8000 	/usr/lib/libmecabra.dylib
0x00007fff2a4c6000 	/System/Library/Frameworks/ApplicationServices.framework/Versions/A/Frameworks/ATS.framework/Versions/A/ATS
0x00007fff2a815000 	/System/Library/Frameworks/ApplicationServices.framework/Versions/A/Frameworks/ColorSyncLegacy.framework/Versions/A/ColorSyncLegacy
0x00007fff2a8b4000 	/System/Library/Frameworks/ApplicationServices.framework/Versions/A/Frameworks/HIServices.framework/Versions/A/HIServices
0x00007fff2a907000 	/System/Library/Frameworks/ApplicationServices.framework/Versions/A/Frameworks/LangAnalysis.framework/Versions/A/LangAnalysis
0x00007fff2a917000 	/System/Library/Frameworks/ApplicationServices.framework/Versions/A/Frameworks/PrintCore.framework/Versions/A/PrintCore
0x00007fff2a961000 	/System/Library/Frameworks/ApplicationServices.framework/Versions/A/Frameworks/QD.framework/Versions/A/QD
0x00007fff2a99b000 	/System/Library/Frameworks/ApplicationServices.framework/Versions/A/Frameworks/SpeechSynthesis.framework/Versions/A/SpeechSynthesis
0x00007fff5533e000 	/usr/lib/libcompression.dylib
0x00007fff30f37000 	/System/Library/Frameworks/MetalPerformanceShaders.framework/Versions/A/MetalPerformanceShaders
0x00007fff284a2000 	/System/Library/Frameworks/Accelerate.framework/Versions/A/Frameworks/vImage.framework/Versions/A/vImage
0x00007fff2951c000 	/System/Library/Frameworks/Accelerate.framework/Versions/A/Frameworks/vecLib.framework/Versions/A/vecLib
0x00007fff29468000 	/System/Library/Frameworks/Accelerate.framework/Versions/A/Frameworks/vecLib.framework/Versions/A/libvMisc.dylib
0x00007fff29280000 	/System/Library/Frameworks/Accelerate.framework/Versions/A/Frameworks/vecLib.framework/Versions/A/libvDSP.dylib
0x00007fff28b3c000 	/System/Library/Frameworks/Accelerate.framework/Versions/A/Frameworks/vecLib.framework/Versions/A/libBLAS.dylib
0x00007fff28e29000 	/System/Library/Frameworks/Accelerate.framework/Versions/A/Frameworks/vecLib.framework/Versions/A/libLAPACK.dylib
0x00007fff291d3000 	/System/Library/Frameworks/Accelerate.framework/Versions/A/Frameworks/vecLib.framework/Versions/A/libLinearAlgebra.dylib
0x00007fff2926c000 	/System/Library/Frameworks/Accelerate.framework/Versions/A/Frameworks/vecLib.framework/Versions/A/libSparseBLAS.dylib
0x00007fff291e9000 	/System/Library/Frameworks/Accelerate.framework/Versions/A/Frameworks/vecLib.framework/Versions/A/libQuadrature.dylib
0x00007fff28db6000 	/System/Library/Frameworks/Accelerate.framework/Versions/A/Frameworks/vecLib.framework/Versions/A/libBNNS.dylib
0x00007fff291ef000 	/System/Library/Frameworks/Accelerate.framework/Versions/A/Frameworks/vecLib.framework/Versions/A/libSparse.dylib
0x00007fff47183000 	/System/Library/PrivateFrameworks/GPUWrangler.framework/Versions/A/GPUWrangler
0x00007fff49488000 	/System/Library/PrivateFrameworks/IOAccelerator.framework/Versions/A/IOAccelerator
0x00007fff49493000 	/System/Library/PrivateFrameworks/IOPresentment.framework/Versions/A/IOPresentment
0x00007fff40c0d000 	/System/Library/PrivateFrameworks/DSExternalDisplay.framework/Versions/A/DSExternalDisplay
0x00007fff351b1000 	/System/Library/Frameworks/OpenGL.framework/Versions/A/Libraries/libCoreFSCache.dylib
0x00007fff30d2b000 	/System/Library/Frameworks/MetalPerformanceShaders.framework/Frameworks/MPSCore.framework/Versions/A/MPSCore
0x00007fff30d4b000 	/System/Library/Frameworks/MetalPerformanceShaders.framework/Frameworks/MPSImage.framework/Versions/A/MPSImage
0x00007fff30df0000 	/System/Library/Frameworks/MetalPerformanceShaders.framework/Frameworks/MPSNeuralNetwork.framework/Versions/A/MPSNeuralNetwork
0x00007fff30dc8000 	/System/Library/Frameworks/MetalPerformanceShaders.framework/Frameworks/MPSMatrix.framework/Versions/A/MPSMatrix
0x00007fff30f1c000 	/System/Library/Frameworks/MetalPerformanceShaders.framework/Frameworks/MPSRayIntersector.framework/Versions/A/MPSRayIntersector
0x00007fff4a983000 	/System/Library/PrivateFrameworks/MetalTools.framework/Versions/A/MetalTools
0x00007fff3bac2000 	/System/Library/PrivateFrameworks/AggregateDictionary.framework/Versions/A/AggregateDictionary
0x00007fff54f1d000 	/usr/lib/libMobileGestalt.dylib
0x00007fff2de3d000 	/System/Library/Frameworks/CoreVideo.framework/Versions/A/CoreVideo
0x00007fff47f94000 	/System/Library/PrivateFrameworks/GraphVisualizer.framework/Versions/A/GraphVisualizer
0x00007fff41e13000 	/System/Library/PrivateFrameworks/FaceCore.framework/Versions/A/FaceCore
0x00007fff347df000 	/System/Library/Frameworks/OpenCL.framework/Versions/A/OpenCL
0x00007fff54c75000 	/usr/lib/libFosl_dynamic.dylib
0x00007fff4b756000 	/System/Library/PrivateFrameworks/OTSVG.framework/Versions/A/OTSVG
0x00007fff2a5ca000 	/System/Library/Frameworks/ApplicationServices.framework/Versions/A/Frameworks/ATS.framework/Versions/A/Resources/libFontParser.dylib
0x00007fff2a6e2000 	/System/Library/Frameworks/ApplicationServices.framework/Versions/A/Frameworks/ATS.framework/Versions/A/Resources/libFontRegistry.dylib
0x00007fff2ed4d000 	/System/Library/Frameworks/ImageIO.framework/Versions/A/Resources/libJPEG.dylib
0x00007fff2f072000 	/System/Library/Frameworks/ImageIO.framework/Versions/A/Resources/libTIFF.dylib
0x00007fff2f048000 	/System/Library/Frameworks/ImageIO.framework/Versions/A/Resources/libPng.dylib
0x00007fff2ec6b000 	/System/Library/Frameworks/ImageIO.framework/Versions/A/Resources/libGIF.dylib
0x00007fff2ec70000 	/System/Library/Frameworks/ImageIO.framework/Versions/A/Resources/libJP2.dylib
0x00007fff2f06f000 	/System/Library/Frameworks/ImageIO.framework/Versions/A/Resources/libRadiance.dylib
0x00007fff3c36f000 	/System/Library/PrivateFrameworks/AppleJPEG.framework/Versions/A/AppleJPEG
0x00007fff351bc000 	/System/Library/Frameworks/OpenGL.framework/Versions/A/Libraries/libGFXShared.dylib
0x00007fff3537f000 	/System/Library/Frameworks/OpenGL.framework/Versions/A/Libraries/libGLU.dylib
0x00007fff351c5000 	/System/Library/Frameworks/OpenGL.framework/Versions/A/Libraries/libGL.dylib
0x00007fff351d1000 	/System/Library/Frameworks/OpenGL.framework/Versions/A/Libraries/libGLImage.dylib
0x00007fff351ae000 	/System/Library/Frameworks/OpenGL.framework/Versions/A/Libraries/libCVMSPluginSupport.dylib
0x00007fff351b7000 	/System/Library/Frameworks/OpenGL.framework/Versions/A/Libraries/libCoreVMClient.dylib
0x00007fff55a8f000 	/usr/lib/libcups.2.dylib
0x00007fff30232000 	/System/Library/Frameworks/Kerberos.framework/Versions/A/Kerberos
0x00007fff2e74d000 	/System/Library/Frameworks/GSS.framework/Versions/A/GSS
0x00007fff571a3000 	/usr/lib/libresolv.9.dylib
0x00007fff55c82000 	/usr/lib/libiconv.2.dylib
0x00007fff48109000 	/System/Library/PrivateFrameworks/Heimdal.framework/Versions/A/Heimdal
0x00007fff55c52000 	/usr/lib/libheimdal-asn1.dylib
0x00007fff34853000 	/System/Library/Frameworks/OpenDirectory.framework/Versions/A/OpenDirectory
0x00007fff3eb98000 	/System/Library/PrivateFrameworks/CommonAuth.framework/Versions/A/CommonAuth
0x00007fff34837000 	/System/Library/Frameworks/OpenDirectory.framework/Versions/A/Frameworks/CFOpenDirectory.framework/Versions/A/CFOpenDirectory
0x00007fff37904000 	/System/Library/Frameworks/SecurityFoundation.framework/Versions/A/SecurityFoundation
0x00007fff3b008000 	/System/Library/PrivateFrameworks/APFS.framework/Versions/A/APFS
0x00007fff57604000 	/usr/lib/libutil.dylib
0x00007fff5532c000 	/usr/lib/libcharset.1.dylib
0x00007fff3c60c000 	/System/Library/PrivateFrameworks/AppleSauce.framework/Versions/A/AppleSauce
0x00007fff3c78d000 	/System/Library/PrivateFrameworks/AssertionServices.framework/Versions/A/AssertionServices
0x00007fff3cebe000 	/System/Library/PrivateFrameworks/BaseBoard.framework/Versions/A/BaseBoard
0x00007fff56053000 	/usr/lib/libmecab.1.0.0.dylib
0x00007fff55c4c000 	/usr/lib/libgermantok.dylib
0x00007fff550fa000 	/usr/lib/libThaiTokenizer.dylib
0x00007fff54ba5000 	/usr/lib/libChineseTokenizer.dylib
0x00007fff49b40000 	/System/Library/PrivateFrameworks/LanguageModeling.framework/Versions/A/LanguageModeling
0x00007fff3f87a000 	/System/Library/PrivateFrameworks/CoreEmoji.framework/Versions/A/CoreEmoji
0x00007fff49c1c000 	/System/Library/PrivateFrameworks/Lexicon.framework/Versions/A/Lexicon
0x00007fff49c5f000 	/System/Library/PrivateFrameworks/LinguisticData.framework/Versions/A/LinguisticData
0x00007fff5532d000 	/usr/lib/libcmph.dylib
0x00007fff379c2000 	/System/Library/Frameworks/ServiceManagement.framework/Versions/A/ServiceManagement
0x00007fff3ce1f000 	/System/Library/PrivateFrameworks/BackgroundTaskManagement.framework/Versions/A/BackgroundTaskManagement
0x00007fff576fe000 	/usr/lib/libxslt.1.dylib
0x00007fff2b638000 	/System/Library/Frameworks/Carbon.framework/Versions/A/Frameworks/Ink.framework/Versions/A/Ink
0x00007fff52c34000 	/System/Library/PrivateFrameworks/TextureIO.framework/Versions/A/TextureIO
0x00007fff5514e000 	/usr/lib/libate.dylib
0x00007fff40b5c000 	/System/Library/PrivateFrameworks/CrashReporterSupport.framework/Versions/A/CrashReporterSupport
0x00007fff5036e000 	/System/Library/PrivateFrameworks/Sharing.framework/Versions/A/Sharing
0x00007fff3cb71000 	/System/Library/PrivateFrameworks/AuthKit.framework/Versions/A/AuthKit
0x00007fff3c0c4000 	/System/Library/PrivateFrameworks/Apple80211.framework/Versions/A/Apple80211
0x00007fff40904000 	/System/Library/PrivateFrameworks/CoreUtils.framework/Versions/A/CoreUtils
0x00007fff2de7e000 	/System/Library/Frameworks/CoreWLAN.framework/Versions/A/CoreWLAN
0x00007fff2e87c000 	/System/Library/Frameworks/IOBluetooth.framework/Versions/A/IOBluetooth
0x00007fff4e7e2000 	/System/Library/PrivateFrameworks/ProtocolBuffer.framework/Versions/A/ProtocolBuffer
0x00007fff4abe0000 	/System/Library/PrivateFrameworks/MobileKeyBag.framework/Versions/A/MobileKeyBag
0x00007fff40148000 	/System/Library/PrivateFrameworks/CorePhoneNumbers.framework/Versions/A/CorePhoneNumbers
0x00007fff3c323000 	/System/Library/PrivateFrameworks/AppleIDAuthSupport.framework/Versions/A/AppleIDAuthSupport
0x00007fff49b13000 	/System/Library/PrivateFrameworks/KeychainCircle.framework/Versions/A/KeychainCircle
0x00007fff4e998000 	/System/Library/PrivateFrameworks/ROCKit.framework/Versions/A/ROCKit
0x00007fff40af8000 	/System/Library/PrivateFrameworks/CoreWiFi.framework/Versions/A/CoreWiFi
0x00007fff2bc06000 	/System/Library/Frameworks/CoreBluetooth.framework/Versions/A/CoreBluetooth
0x00007fff40d53000 	/System/Library/PrivateFrameworks/DebugSymbols.framework/Versions/A/DebugSymbols
0x00007fff406c4000 	/System/Library/PrivateFrameworks/CoreSymbolication.framework/Versions/A/CoreSymbolication
0x00007fff52451000 	/System/Library/PrivateFrameworks/Symbolication.framework/Versions/A/Symbolication
0x00007fff51cf4000 	/System/Library/PrivateFrameworks/SpeechRecognitionCore.framework/Versions/A/SpeechRecognitionCore
0x000000010cc00000 	/Users/basejump/.sdkman/candidates/java/8.0.302-zulu/zulu-8.jdk/Contents/Home/jre/lib/server/libjvm.dylib
0x000000010bafe000 	/Users/basejump/.sdkman/candidates/java/8.0.302-zulu/zulu-8.jdk/Contents/Home/jre/lib/libverify.dylib
0x000000010bb0f000 	/Users/basejump/.sdkman/candidates/java/8.0.302-zulu/zulu-8.jdk/Contents/Home/jre/lib/libjava.dylib
0x000000010bb9c000 	/Users/basejump/.sdkman/candidates/java/8.0.302-zulu/zulu-8.jdk/Contents/Home/jre/lib/libzip.dylib
0x000000010ee42000 	/Users/basejump/.sdkman/candidates/java/8.0.302-zulu/zulu-8.jdk/Contents/Home/jre/lib/libnio.dylib
0x000000010ee5a000 	/Users/basejump/.sdkman/candidates/java/8.0.302-zulu/zulu-8.jdk/Contents/Home/jre/lib/./libnet.dylib
0x000000010ee0a000 	/Users/basejump/.gradle/native/30/osx-amd64/libnative-platform.dylib
0x000000011e59d000 	/Users/basejump/.sdkman/candidates/java/8.0.302-zulu/zulu-8.jdk/Contents/Home/jre/lib/libmanagement.dylib
0x000000011e97a000 	/Users/basejump/.sdkman/candidates/java/8.0.302-zulu/zulu-8.jdk/Contents/Home/jre/lib/libosx.dylib
0x000000011fdfb000 	/Users/basejump/.sdkman/candidates/java/8.0.302-zulu/zulu-8.jdk/Contents/Home/jre/lib/./libosxapp.dylib
0x00007fff3021b000 	/System/Library/Frameworks/JavaVM.framework/Versions/A/Frameworks/JavaNativeFoundation.framework/Versions/A/JavaNativeFoundation
0x00007fff30224000 	/System/Library/Frameworks/JavaVM.framework/Versions/A/Frameworks/JavaRuntimeSupport.framework/Versions/A/JavaRuntimeSupport
0x00007fff2b331000 	/System/Library/Frameworks/Carbon.framework/Versions/A/Carbon
0x00007fff2e309000 	/System/Library/Frameworks/ExceptionHandling.framework/Versions/A/ExceptionHandling
0x00007fff2b332000 	/System/Library/Frameworks/Carbon.framework/Versions/A/Frameworks/CommonPanels.framework/Versions/A/CommonPanels
0x00007fff2b62e000 	/System/Library/Frameworks/Carbon.framework/Versions/A/Frameworks/Help.framework/Versions/A/Help
0x00007fff2b632000 	/System/Library/Frameworks/Carbon.framework/Versions/A/Frameworks/ImageCapture.framework/Versions/A/ImageCapture
0x00007fff2b6ce000 	/System/Library/Frameworks/Carbon.framework/Versions/A/Frameworks/OpenScripting.framework/Versions/A/OpenScripting
0x00007fff2b706000 	/System/Library/Frameworks/Carbon.framework/Versions/A/Frameworks/Print.framework/Versions/A/Print
0x00007fff2b708000 	/System/Library/Frameworks/Carbon.framework/Versions/A/Frameworks/SecurityHI.framework/Versions/A/SecurityHI
0x00007fff3022d000 	/System/Library/Frameworks/JavaVM.framework/Versions/A/JavaVM
0x00007fff49a32000 	/System/Library/PrivateFrameworks/JavaLaunching.framework/Versions/A/JavaLaunching

VM Arguments:
jvm_args: -XX:+UseSerialGC -Xmx1536M -Dfile.encoding=UTF-8 -Duser.country=US -Duser.language=en -Duser.variant 
java_command: org.gradle.launcher.daemon.bootstrap.GradleDaemon 5.6.4
java_class_path (initial): /Users/basejump/.gradle/wrapper/dists/gradle-5.6.4-bin/bxirm19lnfz6nurbatndyydux/gradle-5.6.4/lib/gradle-launcher-5.6.4.jar
Launcher Type: SUN_STANDARD

Environment Variables:
JAVA_HOME=/Users/basejump/.sdkman/candidates/java/current
PATH=/Users/basejump/.sdkman/candidates/java/current/bin:/Users/basejump/.sdkman/candidates/groovy/current/bin:/Users/basejump/.sdkman/candidates/grails/current/bin:/Users/basejump/.sdkman/candidates/gradle/current/bin:/usr/local/opt/make/libexec/gnubin:/usr/local/bin:/usr/bin:/bin:/usr/sbin:/sbin:/Applications/VMware Fusion.app/Contents/Public:/usr/local/MacGPG2/bin:/Users/basejump/go/bin:/usr/local/opt/go/libexec/bin
SHELL=/Users/basejump/github/yak/spring-icu4j/build/shipkit/bin/make_shell

Signal Handlers:
SIGSEGV: [libjvm.dylib+0x5b1ba3], sa_mask[0]=11111111011111110111111111111111, sa_flags=SA_ONSTACK|SA_RESTART|SA_SIGINFO
SIGBUS: [libjvm.dylib+0x5b1ba3], sa_mask[0]=11111111011111110111111111111111, sa_flags=SA_RESTART|SA_SIGINFO
SIGFPE: [libjvm.dylib+0x4a0a41], sa_mask[0]=11111111011111110111111111111111, sa_flags=SA_RESTART|SA_SIGINFO
SIGPIPE: [libjvm.dylib+0x4a0a41], sa_mask[0]=11111111011111110111111111111111, sa_flags=SA_RESTART|SA_SIGINFO
SIGXFSZ: [libjvm.dylib+0x4a0a41], sa_mask[0]=11111111011111110111111111111111, sa_flags=SA_RESTART|SA_SIGINFO
SIGILL: [libjvm.dylib+0x4a0a41], sa_mask[0]=11111111011111110111111111111111, sa_flags=SA_RESTART|SA_SIGINFO
SIGUSR1: SIG_DFL, sa_mask[0]=00000000000000000000000000000000, sa_flags=none
SIGUSR2: [libjvm.dylib+0x4a1330], sa_mask[0]=00100000000000000000000000000000, sa_flags=SA_RESTART|SA_SIGINFO
SIGHUP: [libjvm.dylib+0x49f47f], sa_mask[0]=11111111011111110111111111111111, sa_flags=SA_RESTART|SA_SIGINFO
SIGINT: [libjvm.dylib+0x49f47f], sa_mask[0]=11111111011111110111111111111111, sa_flags=SA_RESTART|SA_SIGINFO
SIGTERM: [libjvm.dylib+0x49f47f], sa_mask[0]=11111111011111110111111111111111, sa_flags=SA_RESTART|SA_SIGINFO
SIGQUIT: [libjvm.dylib+0x49f47f], sa_mask[0]=11111111011111110111111111111111, sa_flags=SA_RESTART|SA_SIGINFO


---------------  S Y S T E M  ---------------

OS:Bsduname:Darwin 18.7.0 Darwin Kernel Version 18.7.0: Mon May  3 20:41:19 PDT 2021; root:xnu-4903.278.68~1/RELEASE_X86_64 x86_64
rlimit: STACK 8192k, CORE 0k, NPROC 1418, NOFILE 10240, AS infinity
load average:2.82 2.40 2.25

CPU:total 8 (initial active 8) (4 cores per cpu, 2 threads per core) family 6 model 94 stepping 3, cmov, cx8, fxsr, mmx, sse, sse2, sse3, ssse3, sse4.1, sse4.2, popcnt, avx, avx2, aes, clmul, erms, rtm, 3dnowpref, lzcnt, ht, tsc, tscinvbit, bmi1, bmi2, adx

Memory: 4k page, physical 16777216k(23872k free)

/proc/meminfo:


vm_info: OpenJDK 64-Bit Server VM (25.302-b08) for bsd-amd64 JRE (Zulu 8.56.0.21-CA-macosx) (1.8.0_302-b08), built on Jul 12 2021 09:13:56 by "zulu_re" with gcc 4.2.1 Compatible Apple LLVM 11.0.0 (clang-1100.0.33.17)

time: Thu Nov 11 12:45:26 2021
timezone: MST
elapsed time: 8072.864992 seconds (0d 2h 14m 32s)

